0 info it worked if it ends with ok
1 verbose cli [ '/usr/local/Cellar/node/6.7.0/bin/node',
1 verbose cli   '/usr/local/bin/npm',
1 verbose cli   'install',
1 verbose cli   'node' ]
2 info using npm@3.10.7
3 info using node@v6.7.0
4 silly loadCurrentTree Starting
5 silly install loadCurrentTree
6 silly install readLocalPackageData
7 silly fetchPackageMetaData node
8 silly fetchNamedPackageData node
9 silly mapToRegistry name node
10 silly mapToRegistry using default registry
11 silly mapToRegistry registry https://registry.npmjs.org/
12 silly mapToRegistry data Result {
12 silly mapToRegistry   raw: 'node',
12 silly mapToRegistry   scope: null,
12 silly mapToRegistry   escapedName: 'node',
12 silly mapToRegistry   name: 'node',
12 silly mapToRegistry   rawSpec: '',
12 silly mapToRegistry   spec: 'latest',
12 silly mapToRegistry   type: 'tag' }
13 silly mapToRegistry uri https://registry.npmjs.org/node
14 verbose request uri https://registry.npmjs.org/node
15 verbose request no auth needed
16 info attempt registry request try #1 at 2:32:57 PM
17 verbose request id 661fdb021b6b8778
18 verbose etag W/"561c5238-43d"
19 verbose lastModified Tue, 13 Oct 2015 00:37:12 GMT
20 http request GET https://registry.npmjs.org/node
21 http 200 https://registry.npmjs.org/node
22 verbose headers { server: 'nginx/1.10.1',
22 verbose headers   'content-type': 'application/json',
22 verbose headers   'last-modified': 'Tue, 25 Jul 2017 03:37:56 GMT',
22 verbose headers   etag: 'W/"5976bd14-4df89"',
22 verbose headers   'content-encoding': 'gzip',
22 verbose headers   'cache-control': 'max-age=300',
22 verbose headers   'content-length': '51308',
22 verbose headers   'accept-ranges': 'bytes',
22 verbose headers   date: 'Sun, 06 Aug 2017 19:32:57 GMT',
22 verbose headers   via: '1.1 varnish',
22 verbose headers   age: '0',
22 verbose headers   connection: 'keep-alive',
22 verbose headers   'x-served-by': 'cache-ord1723-ORD',
22 verbose headers   'x-cache': 'MISS',
22 verbose headers   'x-cache-hits': '0',
22 verbose headers   'x-timer': 'S1502047978.847097,VS0,VE20',
22 verbose headers   vary: 'Accept-Encoding, Accept' }
23 silly get cb [ 200,
23 silly get   { server: 'nginx/1.10.1',
23 silly get     'content-type': 'application/json',
23 silly get     'last-modified': 'Tue, 25 Jul 2017 03:37:56 GMT',
23 silly get     etag: 'W/"5976bd14-4df89"',
23 silly get     'content-encoding': 'gzip',
23 silly get     'cache-control': 'max-age=300',
23 silly get     'content-length': '51308',
23 silly get     'accept-ranges': 'bytes',
23 silly get     date: 'Sun, 06 Aug 2017 19:32:57 GMT',
23 silly get     via: '1.1 varnish',
23 silly get     age: '0',
23 silly get     connection: 'keep-alive',
23 silly get     'x-served-by': 'cache-ord1723-ORD',
23 silly get     'x-cache': 'MISS',
23 silly get     'x-cache-hits': '0',
23 silly get     'x-timer': 'S1502047978.847097,VS0,VE20',
23 silly get     vary: 'Accept-Encoding, Accept' } ]
24 verbose get saving node to /Users/saitejaswininatani/.npm/registry.npmjs.org/node/.cache.json
25 verbose correctMkdir /Users/saitejaswininatani/.npm correctMkdir not in flight; initializing
26 silly install normalizeTree
27 silly loadCurrentTree Finishing
28 silly loadIdealTree Starting
29 silly install loadIdealTree
30 silly cloneCurrentTree Starting
31 silly install cloneCurrentTreeToIdealTree
32 silly cloneCurrentTree Finishing
33 silly loadShrinkwrap Starting
34 silly install loadShrinkwrap
35 silly loadShrinkwrap Finishing
36 silly loadAllDepsIntoIdealTree Starting
37 silly install loadAllDepsIntoIdealTree
38 silly resolveWithNewModule node@8.2.1 checking installable status
39 silly cache add args [ 'node', null ]
40 verbose cache add spec node
41 silly cache add parsed spec Result {
41 silly cache add   raw: 'node',
41 silly cache add   scope: null,
41 silly cache add   escapedName: 'node',
41 silly cache add   name: 'node',
41 silly cache add   rawSpec: '',
41 silly cache add   spec: 'latest',
41 silly cache add   type: 'tag' }
42 silly addNamed node@latest
43 verbose addNamed "latest" is being treated as a dist-tag for node
44 info addNameTag [ 'node', 'latest' ]
45 silly mapToRegistry name node
46 silly mapToRegistry using default registry
47 silly mapToRegistry registry https://registry.npmjs.org/
48 silly mapToRegistry data Result {
48 silly mapToRegistry   raw: 'node',
48 silly mapToRegistry   scope: null,
48 silly mapToRegistry   escapedName: 'node',
48 silly mapToRegistry   name: 'node',
48 silly mapToRegistry   rawSpec: '',
48 silly mapToRegistry   spec: 'latest',
48 silly mapToRegistry   type: 'tag' }
49 silly mapToRegistry uri https://registry.npmjs.org/node
50 verbose addNameTag registry:https://registry.npmjs.org/node not in flight; fetching
51 verbose get https://registry.npmjs.org/node not expired, no request
52 silly addNameTag next cb for node with tag latest
53 silly addNamed node@8.2.1
54 verbose addNamed "8.2.1" is a plain semver version for node
55 silly mapToRegistry name node
56 silly mapToRegistry using default registry
57 silly mapToRegistry registry https://registry.npmjs.org/
58 silly mapToRegistry data Result {
58 silly mapToRegistry   raw: 'node',
58 silly mapToRegistry   scope: null,
58 silly mapToRegistry   escapedName: 'node',
58 silly mapToRegistry   name: 'node',
58 silly mapToRegistry   rawSpec: '',
58 silly mapToRegistry   spec: 'latest',
58 silly mapToRegistry   type: 'tag' }
59 silly mapToRegistry uri https://registry.npmjs.org/node
60 verbose addRemoteTarball https://registry.npmjs.org/node/-/node-8.2.1.tgz not in flight; adding
61 verbose addRemoteTarball [ 'https://registry.npmjs.org/node/-/node-8.2.1.tgz',
61 verbose addRemoteTarball   '860b3f57ef778177320f9b5da8171b6249fe4998' ]
62 info retry fetch attempt 1 at 2:32:58 PM
63 info attempt registry request try #1 at 2:32:58 PM
64 http fetch GET https://registry.npmjs.org/node/-/node-8.2.1.tgz
65 http fetch 200 https://registry.npmjs.org/node/-/node-8.2.1.tgz
66 silly fetchAndShaCheck shasum 860b3f57ef778177320f9b5da8171b6249fe4998
67 verbose addTmpTarball /var/folders/6j/h1m0jyjd2vg9nq2sbk9qcs680000gn/T/npm-2176-373f971e/registry.npmjs.org/node/-/node-8.2.1.tgz not in flight; adding
68 verbose addTmpTarball already have metadata; skipping unpack for node@8.2.1
69 verbose correctMkdir /Users/saitejaswininatani/.npm correctMkdir not in flight; initializing
70 silly cache afterAdd node@8.2.1
71 verbose afterAdd /Users/saitejaswininatani/.npm/node/8.2.1/package/package.json not in flight; writing
72 verbose correctMkdir /Users/saitejaswininatani/.npm correctMkdir not in flight; initializing
73 verbose afterAdd /Users/saitejaswininatani/.npm/node/8.2.1/package/package.json written
74 silly fetchNamedPackageData node-bin-setup
75 silly mapToRegistry name node-bin-setup
76 silly mapToRegistry using default registry
77 silly mapToRegistry registry https://registry.npmjs.org/
78 silly mapToRegistry data Result {
78 silly mapToRegistry   raw: 'node-bin-setup',
78 silly mapToRegistry   scope: null,
78 silly mapToRegistry   escapedName: 'node-bin-setup',
78 silly mapToRegistry   name: 'node-bin-setup',
78 silly mapToRegistry   rawSpec: '',
78 silly mapToRegistry   spec: 'latest',
78 silly mapToRegistry   type: 'tag' }
79 silly mapToRegistry uri https://registry.npmjs.org/node-bin-setup
80 verbose request uri https://registry.npmjs.org/node-bin-setup
81 verbose request no auth needed
82 info attempt registry request try #1 at 2:32:58 PM
83 http request GET https://registry.npmjs.org/node-bin-setup
84 http 200 https://registry.npmjs.org/node-bin-setup
85 verbose headers { server: 'nginx/1.10.1',
85 verbose headers   'content-type': 'application/json',
85 verbose headers   'last-modified': 'Tue, 25 Jul 2017 03:32:58 GMT',
85 verbose headers   etag: 'W/"5976bbea-1511"',
85 verbose headers   'content-encoding': 'gzip',
85 verbose headers   'cache-control': 'max-age=300',
85 verbose headers   'content-length': '1464',
85 verbose headers   'accept-ranges': 'bytes',
85 verbose headers   date: 'Sun, 06 Aug 2017 19:32:58 GMT',
85 verbose headers   via: '1.1 varnish',
85 verbose headers   age: '0',
85 verbose headers   connection: 'keep-alive',
85 verbose headers   'x-served-by': 'cache-ord1723-ORD',
85 verbose headers   'x-cache': 'MISS',
85 verbose headers   'x-cache-hits': '0',
85 verbose headers   'x-timer': 'S1502047978.078933,VS0,VE20',
85 verbose headers   vary: 'Accept-Encoding, Accept' }
86 silly get cb [ 200,
86 silly get   { server: 'nginx/1.10.1',
86 silly get     'content-type': 'application/json',
86 silly get     'last-modified': 'Tue, 25 Jul 2017 03:32:58 GMT',
86 silly get     etag: 'W/"5976bbea-1511"',
86 silly get     'content-encoding': 'gzip',
86 silly get     'cache-control': 'max-age=300',
86 silly get     'content-length': '1464',
86 silly get     'accept-ranges': 'bytes',
86 silly get     date: 'Sun, 06 Aug 2017 19:32:58 GMT',
86 silly get     via: '1.1 varnish',
86 silly get     age: '0',
86 silly get     connection: 'keep-alive',
86 silly get     'x-served-by': 'cache-ord1723-ORD',
86 silly get     'x-cache': 'MISS',
86 silly get     'x-cache-hits': '0',
86 silly get     'x-timer': 'S1502047978.078933,VS0,VE20',
86 silly get     vary: 'Accept-Encoding, Accept' } ]
87 verbose get saving node-bin-setup to /Users/saitejaswininatani/.npm/registry.npmjs.org/node-bin-setup/.cache.json
88 verbose correctMkdir /Users/saitejaswininatani/.npm correctMkdir not in flight; initializing
89 silly resolveWithNewModule node-bin-setup@1.0.6 checking installable status
90 silly cache add args [ 'node-bin-setup@^1.0.0', null ]
91 verbose cache add spec node-bin-setup@^1.0.0
92 silly cache add parsed spec Result {
92 silly cache add   raw: 'node-bin-setup@^1.0.0',
92 silly cache add   scope: null,
92 silly cache add   escapedName: 'node-bin-setup',
92 silly cache add   name: 'node-bin-setup',
92 silly cache add   rawSpec: '^1.0.0',
92 silly cache add   spec: '>=1.0.0 <2.0.0',
92 silly cache add   type: 'range' }
93 silly addNamed node-bin-setup@>=1.0.0 <2.0.0
94 verbose addNamed ">=1.0.0 <2.0.0" is a valid semver range for node-bin-setup
95 silly addNameRange { name: 'node-bin-setup',
95 silly addNameRange   range: '>=1.0.0 <2.0.0',
95 silly addNameRange   hasData: false }
96 silly mapToRegistry name node-bin-setup
97 silly mapToRegistry using default registry
98 silly mapToRegistry registry https://registry.npmjs.org/
99 silly mapToRegistry data Result {
99 silly mapToRegistry   raw: 'node-bin-setup',
99 silly mapToRegistry   scope: null,
99 silly mapToRegistry   escapedName: 'node-bin-setup',
99 silly mapToRegistry   name: 'node-bin-setup',
99 silly mapToRegistry   rawSpec: '',
99 silly mapToRegistry   spec: 'latest',
99 silly mapToRegistry   type: 'tag' }
100 silly mapToRegistry uri https://registry.npmjs.org/node-bin-setup
101 verbose addNameRange registry:https://registry.npmjs.org/node-bin-setup not in flight; fetching
102 verbose get https://registry.npmjs.org/node-bin-setup not expired, no request
103 silly addNameRange number 2 { name: 'node-bin-setup',
103 silly addNameRange   range: '>=1.0.0 <2.0.0',
103 silly addNameRange   hasData: true }
104 silly addNameRange versions [ 'node-bin-setup',
104 silly addNameRange   [ '1.0.0', '1.0.1', '1.0.2', '1.0.3', '1.0.4', '1.0.6' ] ]
105 silly addNamed node-bin-setup@1.0.6
106 verbose addNamed "1.0.6" is a plain semver version for node-bin-setup
107 silly mapToRegistry name node-bin-setup
108 silly mapToRegistry using default registry
109 silly mapToRegistry registry https://registry.npmjs.org/
110 silly mapToRegistry data Result {
110 silly mapToRegistry   raw: 'node-bin-setup',
110 silly mapToRegistry   scope: null,
110 silly mapToRegistry   escapedName: 'node-bin-setup',
110 silly mapToRegistry   name: 'node-bin-setup',
110 silly mapToRegistry   rawSpec: '',
110 silly mapToRegistry   spec: 'latest',
110 silly mapToRegistry   type: 'tag' }
111 silly mapToRegistry uri https://registry.npmjs.org/node-bin-setup
112 verbose addRemoteTarball https://registry.npmjs.org/node-bin-setup/-/node-bin-setup-1.0.6.tgz not in flight; adding
113 verbose addRemoteTarball [ 'https://registry.npmjs.org/node-bin-setup/-/node-bin-setup-1.0.6.tgz',
113 verbose addRemoteTarball   '4b5c9bb937ece702d7069b36ca78af4684677528' ]
114 info retry fetch attempt 1 at 2:32:58 PM
115 info attempt registry request try #1 at 2:32:58 PM
116 http fetch GET https://registry.npmjs.org/node-bin-setup/-/node-bin-setup-1.0.6.tgz
117 http fetch 200 https://registry.npmjs.org/node-bin-setup/-/node-bin-setup-1.0.6.tgz
118 silly fetchAndShaCheck shasum 4b5c9bb937ece702d7069b36ca78af4684677528
119 verbose addTmpTarball /var/folders/6j/h1m0jyjd2vg9nq2sbk9qcs680000gn/T/npm-2176-373f971e/registry.npmjs.org/node-bin-setup/-/node-bin-setup-1.0.6.tgz not in flight; adding
120 verbose addTmpTarball already have metadata; skipping unpack for node-bin-setup@1.0.6
121 verbose correctMkdir /Users/saitejaswininatani/.npm correctMkdir not in flight; initializing
122 silly cache afterAdd node-bin-setup@1.0.6
123 verbose afterAdd /Users/saitejaswininatani/.npm/node-bin-setup/1.0.6/package/package.json not in flight; writing
124 verbose correctMkdir /Users/saitejaswininatani/.npm correctMkdir not in flight; initializing
125 verbose afterAdd /Users/saitejaswininatani/.npm/node-bin-setup/1.0.6/package/package.json written
126 silly loadAllDepsIntoIdealTree Finishing
127 silly loadIdealTree Finishing
128 silly currentTree leviross@1.0.0
128 silly currentTree ├── accepts@1.3.3
128 silly currentTree ├── addressparser@0.3.2
128 silly currentTree ├── ansi-regex@2.1.1
128 silly currentTree ├── ansi-styles@2.2.1
128 silly currentTree ├── array-flatten@1.1.1
128 silly currentTree ├── asn1@0.2.3
128 silly currentTree ├── assert-plus@0.2.0
128 silly currentTree ├── asynckit@0.4.0
128 silly currentTree ├── aws-sign2@0.6.0
128 silly currentTree ├── aws4@1.6.0
128 silly currentTree ├── bcrypt-pbkdf@1.0.1
128 silly currentTree ├── body-parser@1.16.1
128 silly currentTree ├── boom@2.10.1
128 silly currentTree ├── bower@1.8.0
128 silly currentTree ├─┬ buildmail@2.0.0
128 silly currentTree │ └── needle@0.10.0
128 silly currentTree ├── bytes@2.4.0
128 silly currentTree ├── caseless@0.11.0
128 silly currentTree ├── chalk@1.1.3
128 silly currentTree ├── clone@1.0.2
128 silly currentTree ├── combined-stream@1.0.5
128 silly currentTree ├── commander@2.9.0
128 silly currentTree ├── content-disposition@0.5.2
128 silly currentTree ├── content-type@1.0.2
128 silly currentTree ├── cookie-signature@1.0.6
128 silly currentTree ├── cookie@0.3.1
128 silly currentTree ├── cryptiles@2.0.5
128 silly currentTree ├─┬ dashdash@1.14.1
128 silly currentTree │ └── assert-plus@1.0.0
128 silly currentTree ├── debug@2.6.1
128 silly currentTree ├── delayed-stream@1.0.0
128 silly currentTree ├── depd@1.1.0
128 silly currentTree ├── destroy@1.0.4
128 silly currentTree ├── dotenv@0.5.1
128 silly currentTree ├── ecc-jsbn@0.1.1
128 silly currentTree ├── ee-first@1.1.1
128 silly currentTree ├── ejs@2.5.5
128 silly currentTree ├── encodeurl@1.0.1
128 silly currentTree ├── escape-html@1.0.3
128 silly currentTree ├── escape-string-regexp@1.0.5
128 silly currentTree ├── etag@1.7.0
128 silly currentTree ├─┬ express@4.14.1
128 silly currentTree │ ├── debug@2.2.0
128 silly currentTree │ ├── ms@0.7.1
128 silly currentTree │ └── qs@6.2.0
128 silly currentTree ├── extend@3.0.0
128 silly currentTree ├── extsprintf@1.0.2
128 silly currentTree ├─┬ finalhandler@0.5.1
128 silly currentTree │ ├── debug@2.2.0
128 silly currentTree │ └── ms@0.7.1
128 silly currentTree ├── forever-agent@0.6.1
128 silly currentTree ├── form-data@2.1.2
128 silly currentTree ├── forwarded@0.1.0
128 silly currentTree ├── fresh@0.3.0
128 silly currentTree ├── generate-function@2.0.0
128 silly currentTree ├── generate-object-property@1.2.0
128 silly currentTree ├─┬ getpass@0.1.6
128 silly currentTree │ └── assert-plus@1.0.0
128 silly currentTree ├── graceful-readlink@1.0.1
128 silly currentTree ├── har-validator@2.0.6
128 silly currentTree ├── has-ansi@2.0.0
128 silly currentTree ├── hawk@3.1.3
128 silly currentTree ├── hoek@2.16.3
128 silly currentTree ├── http-errors@1.5.1
128 silly currentTree ├── http-signature@1.1.1
128 silly currentTree ├── iconv-lite@0.4.15
128 silly currentTree ├── inherits@2.0.3
128 silly currentTree ├── ipaddr.js@1.2.0
128 silly currentTree ├── is-my-json-valid@2.15.0
128 silly currentTree ├── is-property@1.0.2
128 silly currentTree ├── is-typedarray@1.0.0
128 silly currentTree ├── isstream@0.1.2
128 silly currentTree ├── jodid25519@1.0.2
128 silly currentTree ├── jsbn@0.1.1
128 silly currentTree ├── json-schema@0.2.3
128 silly currentTree ├── json-stringify-safe@5.0.1
128 silly currentTree ├── jsonpointer@4.0.1
128 silly currentTree ├── jsprim@1.3.1
128 silly currentTree ├── libbase64@0.1.0
128 silly currentTree ├── libmime@1.2.0
128 silly currentTree ├── libqp@1.1.0
128 silly currentTree ├── lodash@2.4.2
128 silly currentTree ├── mailcomposer@2.1.0
128 silly currentTree ├── media-typer@0.3.0
128 silly currentTree ├── merge-descriptors@1.0.1
128 silly currentTree ├── methods@1.1.2
128 silly currentTree ├── mime-db@1.26.0
128 silly currentTree ├── mime-types@2.1.14
128 silly currentTree ├── mime@1.3.4
128 silly currentTree ├── ms@0.7.2
128 silly currentTree ├── needle@0.11.0
128 silly currentTree ├── negotiator@0.6.1
128 silly currentTree ├── nodemailer-direct-transport@1.1.0
128 silly currentTree ├── nodemailer-smtp-transport@1.1.0
128 silly currentTree ├── nodemailer-wellknown@0.1.10
128 silly currentTree ├── nodemailer@1.11.0
128 silly currentTree ├── oauth-sign@0.8.2
128 silly currentTree ├── on-finished@2.3.0
128 silly currentTree ├── parseurl@1.3.1
128 silly currentTree ├── path-to-regexp@0.1.7
128 silly currentTree ├── pinkie-promise@2.0.1
128 silly currentTree ├── pinkie@2.0.4
128 silly currentTree ├── proxy-addr@1.1.3
128 silly currentTree ├── punycode@1.4.1
128 silly currentTree ├── qs@6.2.1
128 silly currentTree ├── range-parser@1.2.0
128 silly currentTree ├── raw-body@2.2.0
128 silly currentTree ├─┬ request@2.79.0
128 silly currentTree │ └── qs@6.3.0
128 silly currentTree ├─┬ send@0.14.2
128 silly currentTree │ └─┬ debug@2.2.0
128 silly currentTree │   └── ms@0.7.1
128 silly currentTree ├── sendgrid@1.6.0
128 silly currentTree ├── serve-static@1.11.2
128 silly currentTree ├── setprototypeof@1.0.2
128 silly currentTree ├── smtp-connection@1.3.8
128 silly currentTree ├── smtpapi@1.2.0
128 silly currentTree ├── sntp@1.0.9
128 silly currentTree ├─┬ sshpk@1.10.2
128 silly currentTree │ └── assert-plus@1.0.0
128 silly currentTree ├── statuses@1.3.1
128 silly currentTree ├── stringstream@0.0.5
128 silly currentTree ├── strip-ansi@3.0.1
128 silly currentTree ├── supports-color@2.0.0
128 silly currentTree ├── tough-cookie@2.3.2
128 silly currentTree ├── tunnel-agent@0.4.3
128 silly currentTree ├── tweetnacl@0.14.5
128 silly currentTree ├── type-is@1.6.14
128 silly currentTree ├── unpipe@1.0.0
128 silly currentTree ├── utils-merge@1.0.0
128 silly currentTree ├── uuid@3.0.1
128 silly currentTree ├── vary@1.1.0
128 silly currentTree ├── verror@1.3.6
128 silly currentTree └── xtend@4.0.1
129 silly idealTree leviross@1.0.0
129 silly idealTree ├── accepts@1.3.3
129 silly idealTree ├── addressparser@0.3.2
129 silly idealTree ├── ansi-regex@2.1.1
129 silly idealTree ├── ansi-styles@2.2.1
129 silly idealTree ├── array-flatten@1.1.1
129 silly idealTree ├── asn1@0.2.3
129 silly idealTree ├── assert-plus@0.2.0
129 silly idealTree ├── asynckit@0.4.0
129 silly idealTree ├── aws-sign2@0.6.0
129 silly idealTree ├── aws4@1.6.0
129 silly idealTree ├── bcrypt-pbkdf@1.0.1
129 silly idealTree ├── body-parser@1.16.1
129 silly idealTree ├── boom@2.10.1
129 silly idealTree ├── bower@1.8.0
129 silly idealTree ├─┬ buildmail@2.0.0
129 silly idealTree │ └── needle@0.10.0
129 silly idealTree ├── bytes@2.4.0
129 silly idealTree ├── caseless@0.11.0
129 silly idealTree ├── chalk@1.1.3
129 silly idealTree ├── clone@1.0.2
129 silly idealTree ├── combined-stream@1.0.5
129 silly idealTree ├── commander@2.9.0
129 silly idealTree ├── content-disposition@0.5.2
129 silly idealTree ├── content-type@1.0.2
129 silly idealTree ├── cookie-signature@1.0.6
129 silly idealTree ├── cookie@0.3.1
129 silly idealTree ├── cryptiles@2.0.5
129 silly idealTree ├─┬ dashdash@1.14.1
129 silly idealTree │ └── assert-plus@1.0.0
129 silly idealTree ├── debug@2.6.1
129 silly idealTree ├── delayed-stream@1.0.0
129 silly idealTree ├── depd@1.1.0
129 silly idealTree ├── destroy@1.0.4
129 silly idealTree ├── dotenv@0.5.1
129 silly idealTree ├── ecc-jsbn@0.1.1
129 silly idealTree ├── ee-first@1.1.1
129 silly idealTree ├── ejs@2.5.5
129 silly idealTree ├── encodeurl@1.0.1
129 silly idealTree ├── escape-html@1.0.3
129 silly idealTree ├── escape-string-regexp@1.0.5
129 silly idealTree ├── etag@1.7.0
129 silly idealTree ├─┬ express@4.14.1
129 silly idealTree │ ├── debug@2.2.0
129 silly idealTree │ ├── ms@0.7.1
129 silly idealTree │ └── qs@6.2.0
129 silly idealTree ├── extend@3.0.0
129 silly idealTree ├── extsprintf@1.0.2
129 silly idealTree ├─┬ finalhandler@0.5.1
129 silly idealTree │ ├── debug@2.2.0
129 silly idealTree │ └── ms@0.7.1
129 silly idealTree ├── forever-agent@0.6.1
129 silly idealTree ├── form-data@2.1.2
129 silly idealTree ├── forwarded@0.1.0
129 silly idealTree ├── fresh@0.3.0
129 silly idealTree ├── generate-function@2.0.0
129 silly idealTree ├── generate-object-property@1.2.0
129 silly idealTree ├─┬ getpass@0.1.6
129 silly idealTree │ └── assert-plus@1.0.0
129 silly idealTree ├── graceful-readlink@1.0.1
129 silly idealTree ├── har-validator@2.0.6
129 silly idealTree ├── has-ansi@2.0.0
129 silly idealTree ├── hawk@3.1.3
129 silly idealTree ├── hoek@2.16.3
129 silly idealTree ├── http-errors@1.5.1
129 silly idealTree ├── http-signature@1.1.1
129 silly idealTree ├── iconv-lite@0.4.15
129 silly idealTree ├── inherits@2.0.3
129 silly idealTree ├── ipaddr.js@1.2.0
129 silly idealTree ├── is-my-json-valid@2.15.0
129 silly idealTree ├── is-property@1.0.2
129 silly idealTree ├── is-typedarray@1.0.0
129 silly idealTree ├── isstream@0.1.2
129 silly idealTree ├── jodid25519@1.0.2
129 silly idealTree ├── jsbn@0.1.1
129 silly idealTree ├── json-schema@0.2.3
129 silly idealTree ├── json-stringify-safe@5.0.1
129 silly idealTree ├── jsonpointer@4.0.1
129 silly idealTree ├── jsprim@1.3.1
129 silly idealTree ├── libbase64@0.1.0
129 silly idealTree ├── libmime@1.2.0
129 silly idealTree ├── libqp@1.1.0
129 silly idealTree ├── lodash@2.4.2
129 silly idealTree ├── mailcomposer@2.1.0
129 silly idealTree ├── media-typer@0.3.0
129 silly idealTree ├── merge-descriptors@1.0.1
129 silly idealTree ├── methods@1.1.2
129 silly idealTree ├── mime-db@1.26.0
129 silly idealTree ├── mime-types@2.1.14
129 silly idealTree ├── mime@1.3.4
129 silly idealTree ├── ms@0.7.2
129 silly idealTree ├── needle@0.11.0
129 silly idealTree ├── negotiator@0.6.1
129 silly idealTree ├── node-bin-setup@1.0.6
129 silly idealTree ├── node@8.2.1
129 silly idealTree ├── nodemailer-direct-transport@1.1.0
129 silly idealTree ├── nodemailer-smtp-transport@1.1.0
129 silly idealTree ├── nodemailer-wellknown@0.1.10
129 silly idealTree ├── nodemailer@1.11.0
129 silly idealTree ├── oauth-sign@0.8.2
129 silly idealTree ├── on-finished@2.3.0
129 silly idealTree ├── parseurl@1.3.1
129 silly idealTree ├── path-to-regexp@0.1.7
129 silly idealTree ├── pinkie-promise@2.0.1
129 silly idealTree ├── pinkie@2.0.4
129 silly idealTree ├── proxy-addr@1.1.3
129 silly idealTree ├── punycode@1.4.1
129 silly idealTree ├── qs@6.2.1
129 silly idealTree ├── range-parser@1.2.0
129 silly idealTree ├── raw-body@2.2.0
129 silly idealTree ├─┬ request@2.79.0
129 silly idealTree │ └── qs@6.3.0
129 silly idealTree ├─┬ send@0.14.2
129 silly idealTree │ └─┬ debug@2.2.0
129 silly idealTree │   └── ms@0.7.1
129 silly idealTree ├── sendgrid@1.6.0
129 silly idealTree ├── serve-static@1.11.2
129 silly idealTree ├── setprototypeof@1.0.2
129 silly idealTree ├── smtp-connection@1.3.8
129 silly idealTree ├── smtpapi@1.2.0
129 silly idealTree ├── sntp@1.0.9
129 silly idealTree ├─┬ sshpk@1.10.2
129 silly idealTree │ └── assert-plus@1.0.0
129 silly idealTree ├── statuses@1.3.1
129 silly idealTree ├── stringstream@0.0.5
129 silly idealTree ├── strip-ansi@3.0.1
129 silly idealTree ├── supports-color@2.0.0
129 silly idealTree ├── tough-cookie@2.3.2
129 silly idealTree ├── tunnel-agent@0.4.3
129 silly idealTree ├── tweetnacl@0.14.5
129 silly idealTree ├── type-is@1.6.14
129 silly idealTree ├── unpipe@1.0.0
129 silly idealTree ├── utils-merge@1.0.0
129 silly idealTree ├── uuid@3.0.1
129 silly idealTree ├── vary@1.1.0
129 silly idealTree ├── verror@1.3.6
129 silly idealTree └── xtend@4.0.1
130 silly generateActionsToTake Starting
131 silly install generateActionsToTake
132 silly generateActionsToTake Finishing
133 silly diffTrees action count 2
134 silly diffTrees add node-bin-setup@1.0.6
135 silly diffTrees add node@8.2.1
136 silly decomposeActions action count 16
137 silly decomposeActions fetch node-bin-setup@1.0.6
138 silly decomposeActions extract node-bin-setup@1.0.6
139 silly decomposeActions test node-bin-setup@1.0.6
140 silly decomposeActions preinstall node-bin-setup@1.0.6
141 silly decomposeActions build node-bin-setup@1.0.6
142 silly decomposeActions install node-bin-setup@1.0.6
143 silly decomposeActions postinstall node-bin-setup@1.0.6
144 silly decomposeActions finalize node-bin-setup@1.0.6
145 silly decomposeActions fetch node@8.2.1
146 silly decomposeActions extract node@8.2.1
147 silly decomposeActions test node@8.2.1
148 silly decomposeActions preinstall node@8.2.1
149 silly decomposeActions build node@8.2.1
150 silly decomposeActions install node@8.2.1
151 silly decomposeActions postinstall node@8.2.1
152 silly decomposeActions finalize node@8.2.1
153 silly runTopLevelLifecycles Starting
154 silly executeActions Starting
155 silly install executeActions
156 silly doSerial global-install 0
157 silly doParallel fetch 2
158 verbose correctMkdir /Users/saitejaswininatani/.npm/_locks correctMkdir not in flight; initializing
159 verbose lock using /Users/saitejaswininatani/.npm/_locks/staging-446f6a27676aa532.lock for /Users/saitejaswininatani/Desktop/my_new_project/nodestack/MongoDB/MEAN/karthikportfolio/node_modules/.staging
160 silly doParallel extract 2
161 silly extract node-bin-setup@1.0.6
162 silly extract node@8.2.1
163 verbose unbuild node_modules/.staging/node-bin-setup-3b4a796e
164 verbose unbuild node_modules/.staging/node-38ea4158
165 silly gentlyRm /Users/saitejaswininatani/Desktop/my_new_project/nodestack/MongoDB/MEAN/karthikportfolio/node_modules/.staging/node-bin-setup-3b4a796e is being purged from base /Users/saitejaswininatani/Desktop/my_new_project/nodestack/MongoDB/MEAN/karthikportfolio
166 verbose gentlyRm don't care about contents; nuking /Users/saitejaswininatani/Desktop/my_new_project/nodestack/MongoDB/MEAN/karthikportfolio/node_modules/.staging/node-bin-setup-3b4a796e
167 verbose tar unpack /Users/saitejaswininatani/.npm/node-bin-setup/1.0.6/package.tgz
168 verbose tar unpacking to /Users/saitejaswininatani/Desktop/my_new_project/nodestack/MongoDB/MEAN/karthikportfolio/node_modules/.staging/node-bin-setup-3b4a796e
169 silly gentlyRm /Users/saitejaswininatani/Desktop/my_new_project/nodestack/MongoDB/MEAN/karthikportfolio/node_modules/.staging/node-bin-setup-3b4a796e is being purged
170 verbose gentlyRm don't care about contents; nuking /Users/saitejaswininatani/Desktop/my_new_project/nodestack/MongoDB/MEAN/karthikportfolio/node_modules/.staging/node-bin-setup-3b4a796e
171 silly gentlyRm /Users/saitejaswininatani/Desktop/my_new_project/nodestack/MongoDB/MEAN/karthikportfolio/node_modules/.staging/node-38ea4158 is being purged from base /Users/saitejaswininatani/Desktop/my_new_project/nodestack/MongoDB/MEAN/karthikportfolio
172 verbose gentlyRm don't care about contents; nuking /Users/saitejaswininatani/Desktop/my_new_project/nodestack/MongoDB/MEAN/karthikportfolio/node_modules/.staging/node-38ea4158
173 silly gunzTarPerm modes [ '755', '644' ]
174 verbose tar unpack /Users/saitejaswininatani/.npm/node/8.2.1/package.tgz
175 verbose tar unpacking to /Users/saitejaswininatani/Desktop/my_new_project/nodestack/MongoDB/MEAN/karthikportfolio/node_modules/.staging/node-38ea4158
176 silly gentlyRm /Users/saitejaswininatani/Desktop/my_new_project/nodestack/MongoDB/MEAN/karthikportfolio/node_modules/.staging/node-38ea4158 is being purged
177 verbose gentlyRm don't care about contents; nuking /Users/saitejaswininatani/Desktop/my_new_project/nodestack/MongoDB/MEAN/karthikportfolio/node_modules/.staging/node-38ea4158
178 silly gunzTarPerm modes [ '755', '644' ]
179 silly gunzTarPerm extractEntry package.json
180 silly gunzTarPerm extractEntry package.json
181 silly gunzTarPerm extractEntry index.js
182 silly gunzTarPerm extractEntry README.md
183 silly gunzTarPerm extractEntry installArchSpecificPackage.js
184 silly gentlyRm /Users/saitejaswininatani/Desktop/my_new_project/nodestack/MongoDB/MEAN/karthikportfolio/node_modules/.staging/node-bin-setup-3b4a796e/node_modules is being purged
185 verbose gentlyRm don't care about contents; nuking /Users/saitejaswininatani/Desktop/my_new_project/nodestack/MongoDB/MEAN/karthikportfolio/node_modules/.staging/node-bin-setup-3b4a796e/node_modules
186 silly gentlyRm /Users/saitejaswininatani/Desktop/my_new_project/nodestack/MongoDB/MEAN/karthikportfolio/node_modules/.staging/node-38ea4158/node_modules is being purged
187 verbose gentlyRm don't care about contents; nuking /Users/saitejaswininatani/Desktop/my_new_project/nodestack/MongoDB/MEAN/karthikportfolio/node_modules/.staging/node-38ea4158/node_modules
188 silly doParallel preinstall 2
189 silly preinstall node-bin-setup@1.0.6 /Users/saitejaswininatani/Desktop/my_new_project/nodestack/MongoDB/MEAN/karthikportfolio/node_modules/.staging/node-bin-setup-3b4a796e
190 info lifecycle node-bin-setup@1.0.6~preinstall: node-bin-setup@1.0.6
191 silly preinstall node@8.2.1 /Users/saitejaswininatani/Desktop/my_new_project/nodestack/MongoDB/MEAN/karthikportfolio/node_modules/.staging/node-38ea4158
192 info lifecycle node@8.2.1~preinstall: node@8.2.1
193 silly lifecycle node-bin-setup@1.0.6~preinstall: no script for preinstall, continuing
194 verbose lifecycle node@8.2.1~preinstall: unsafe-perm in lifecycle true
195 verbose lifecycle node@8.2.1~preinstall: PATH: /usr/local/lib/node_modules/npm/bin/node-gyp-bin:/Users/saitejaswininatani/Desktop/my_new_project/nodestack/MongoDB/MEAN/karthikportfolio/node_modules/.staging/node-38ea4158/node_modules/.bin:/Users/saitejaswininatani/Desktop/my_new_project/nodestack/MongoDB/MEAN/karthikportfolio/node_modules/.bin:/usr/local/Cellar/node/6.7.0/bin:/usr/local/bin:/usr/bin:/bin:/usr/sbin:/sbin:/usr/local/share/dotnet
196 verbose lifecycle node@8.2.1~preinstall: CWD: /Users/saitejaswininatani/Desktop/my_new_project/nodestack/MongoDB/MEAN/karthikportfolio/node_modules/.staging/node-38ea4158
197 silly lifecycle node@8.2.1~preinstall: Args: [ '-c', 'node installArchSpecificPackage' ]
198 silly lifecycle node@8.2.1~preinstall: Returned: code: 1  signal: null
199 info lifecycle node@8.2.1~preinstall: Failed to exec preinstall script
200 verbose unlock done using /Users/saitejaswininatani/.npm/_locks/staging-446f6a27676aa532.lock for /Users/saitejaswininatani/Desktop/my_new_project/nodestack/MongoDB/MEAN/karthikportfolio/node_modules/.staging
201 silly rollbackFailedOptional Starting
202 silly rollbackFailedOptional Finishing
203 silly runTopLevelLifecycles Finishing
204 silly install printInstalled
205 verbose stack Error: node@8.2.1 preinstall: `node installArchSpecificPackage`
205 verbose stack Exit status 1
205 verbose stack     at EventEmitter.<anonymous> (/usr/local/lib/node_modules/npm/lib/utils/lifecycle.js:255:16)
205 verbose stack     at emitTwo (events.js:106:13)
205 verbose stack     at EventEmitter.emit (events.js:191:7)
205 verbose stack     at ChildProcess.<anonymous> (/usr/local/lib/node_modules/npm/lib/utils/spawn.js:40:14)
205 verbose stack     at emitTwo (events.js:106:13)
205 verbose stack     at ChildProcess.emit (events.js:191:7)
205 verbose stack     at maybeClose (internal/child_process.js:877:16)
205 verbose stack     at Process.ChildProcess._handle.onexit (internal/child_process.js:226:5)
206 verbose pkgid node@8.2.1
207 verbose cwd /Users/saitejaswininatani/Desktop/my_new_project/nodestack/MongoDB/MEAN/karthikportfolio
208 error Darwin 16.0.0
209 error argv "/usr/local/Cellar/node/6.7.0/bin/node" "/usr/local/bin/npm" "install" "node"
210 error node v6.7.0
211 error npm  v3.10.7
212 error code ELIFECYCLE
213 error node@8.2.1 preinstall: `node installArchSpecificPackage`
213 error Exit status 1
214 error Failed at the node@8.2.1 preinstall script 'node installArchSpecificPackage'.
214 error Make sure you have the latest version of node.js and npm installed.
214 error If you do, this is most likely a problem with the node package,
214 error not with npm itself.
214 error Tell the author that this fails on your system:
214 error     node installArchSpecificPackage
214 error You can get information on how to open an issue for this project with:
214 error     npm bugs node
214 error Or if that isn't available, you can get their info via:
214 error     npm owner ls node
214 error There is likely additional logging output above.
215 verbose exit [ 1, true ]
